<?xml version="1.0" encoding="UTF-8"?>
<testng-results ignored="0" total="3" passed="3" failed="0" skipped="0">
  <reporter-output>
  </reporter-output>
  <suite started-at="2021-09-10T19:44:09 IST" name="Default suite" finished-at="2021-09-10T19:44:09 IST" duration-ms="93">
    <groups>
    </groups>
    <test started-at="2021-09-10T19:44:09 IST" name="Default test" finished-at="2021-09-10T19:44:09 IST" duration-ms="93">
      <class name="spack.demo1">
        <test-method is-config="true" signature="start()[pri:0, instance:spack.demo1@460d0a57]" started-at="2021-09-10T19:44:09 IST" name="start" finished-at="2021-09-10T19:44:09 IST" duration-ms="6" status="PASS">
          <reporter-output>
          </reporter-output>
        </test-method> <!-- start -->
        <test-method signature="hii()[pri:1, instance:spack.demo1@460d0a57]" started-at="2021-09-10T19:44:09 IST" name="hii" finished-at="2021-09-10T19:44:09 IST" duration-ms="7" status="PASS">
          <reporter-output>
          </reporter-output>
        </test-method> <!-- hii -->
        <test-method is-config="true" signature="close()[pri:0, instance:spack.demo1@460d0a57]" started-at="2021-09-10T19:44:09 IST" name="close" finished-at="2021-09-10T19:44:09 IST" duration-ms="1" status="PASS">
          <reporter-output>
          </reporter-output>
        </test-method> <!-- close -->
        <test-method signature="hello()[pri:2, instance:spack.demo1@460d0a57]" started-at="2021-09-10T19:44:09 IST" name="hello" finished-at="2021-09-10T19:44:09 IST" duration-ms="2" status="PASS">
          <reporter-output>
          </reporter-output>
        </test-method> <!-- hello -->
        <test-method is-config="true" signature="start()[pri:0, instance:spack.demo1@460d0a57]" started-at="2021-09-10T19:44:09 IST" name="start" finished-at="2021-09-10T19:44:09 IST" duration-ms="0" status="PASS">
          <reporter-output>
          </reporter-output>
        </test-method> <!-- start -->
        <test-method is-config="true" signature="close()[pri:0, instance:spack.demo1@460d0a57]" started-at="2021-09-10T19:44:09 IST" name="close" finished-at="2021-09-10T19:44:09 IST" duration-ms="1" status="PASS">
          <reporter-output>
          </reporter-output>
        </test-method> <!-- close -->
        <test-method signature="thank()[pri:3, instance:spack.demo1@460d0a57]" started-at="2021-09-10T19:44:09 IST" name="thank" finished-at="2021-09-10T19:44:09 IST" duration-ms="3" status="PASS">
          <reporter-output>
          </reporter-output>
        </test-method> <!-- thank -->
        <test-method is-config="true" signature="start()[pri:0, instance:spack.demo1@460d0a57]" started-at="2021-09-10T19:44:09 IST" name="start" finished-at="2021-09-10T19:44:09 IST" duration-ms="0" status="PASS">
          <reporter-output>
          </reporter-output>
        </test-method> <!-- start -->
        <test-method is-config="true" signature="close()[pri:0, instance:spack.demo1@460d0a57]" started-at="2021-09-10T19:44:09 IST" name="close" finished-at="2021-09-10T19:44:09 IST" duration-ms="1" status="PASS">
          <reporter-output>
          </reporter-output>
        </test-method> <!-- close -->
      </class> <!-- spack.demo1 -->
    </test> <!-- Default test -->
  </suite> <!-- Default suite -->
</testng-results>
